  glad.c
  Camera.cpp
E:\myObj\OpenGL-Engine\OpenGL-Engine\Camera.cpp(1,1): warning C4819: 该文件包含不能在当前代码页(936)中表示的字符。请将该文件保存为 Unicode 格式以防止数据丢失
E:\myObj\OpenGL-Engine\OpenGL-Engine\Camera.h(1,1): warning C4819: 该文件包含不能在当前代码页(936)中表示的字符。请将该文件保存为 Unicode 格式以防止数据丢失
  (编译源文件“Camera.cpp”)
  
C:\Program Files (x86)\Windows Kits\10\Include\10.0.22621.0\shared\minwindef.h(130,1): warning C4005: “APIENTRY”: 宏重定义
  (编译源文件“Camera.cpp”)
  E:\myObj\OpenGL-Engine\OpenGL-Engine\dependence\includes\glad\glad.h(32,1):
  参见“APIENTRY”的前一个定义
  
E:\myObj\OpenGL-Engine\OpenGL-Engine\Camera.cpp(65,46): warning C4244: “+=”: 从“double”转换到“float”，可能丢失数据
E:\myObj\OpenGL-Engine\OpenGL-Engine\Camera.cpp(66,48): warning C4244: “+=”: 从“double”转换到“float”，可能丢失数据
  Mesh.cpp
  Model.cpp
  NormalMap.cpp
E:\myObj\OpenGL-Engine\OpenGL-Engine\NormalMap.cpp(1,1): warning C4819: 该文件包含不能在当前代码页(936)中表示的字符。请将该文件保存为 Unicode 格式以防止数据丢失
E:\myObj\OpenGL-Engine\OpenGL-Engine\Camera.h(1,1): warning C4819: 该文件包含不能在当前代码页(936)中表示的字符。请将该文件保存为 Unicode 格式以防止数据丢失
  (编译源文件“NormalMap.cpp”)
  
  Player.cpp
E:\myObj\OpenGL-Engine\OpenGL-Engine\Camera.h(1,1): warning C4819: 该文件包含不能在当前代码页(936)中表示的字符。请将该文件保存为 Unicode 格式以防止数据丢失
  (编译源文件“Player.cpp”)
  
  Shader.cpp
  正在生成代码...
LINK : warning LNK4098: 默认库“MSVCRT”与其他库的使用冲突；请使用 /NODEFAULTLIB:library
  OpenGL-Engine.vcxproj -> E:\myObj\OpenGL-Engine\x64\Debug\OpenGL-Engine.exe
